d:\ws\ecode\build\ecode.dir\release\scriptengine.obj
d:\ws\ecode\build\ecode.dir\release\piecetable.obj
d:\ws\ecode\build\ecode.dir\release\memorymappedfile.obj
d:\ws\ecode\build\ecode.dir\release\localization.obj
d:\ws\ecode\build\ecode.dir\release\fileutils.obj
d:\ws\ecode\build\ecode.dir\release\editorbufferrenderer_draw.obj
d:\ws\ecode\build\ecode.dir\release\editor.obj
d:\ws\ecode\build\ecode.dir\release\buffer.obj
d:\ws\ecode\build\ecode.dir\release\main.obj
d:\ws\ecode\build\ecode.dir\release\settingsmanager.obj
d:\ws\ecode\build\ecode.dir\release\editorbufferrenderer.obj
d:\ws\ecode\build\ecode.dir\release\dialogs.obj
d:\ws\ecode\build\ecode.dir\release\duktape.obj
d:\ws\ecode\build\cmakefiles\generate.stamp
d:\ws\ecode\build\ecode.dir\release\ecode.tlog\cl.command.1.tlog
d:\ws\ecode\build\ecode.dir\release\ecode.tlog\cl.read.1.tlog
d:\ws\ecode\build\ecode.dir\release\ecode.tlog\cl.write.1.tlog
d:\ws\ecode\build\ecode.dir\release\ecode.tlog\custombuild.command.1.tlog
d:\ws\ecode\build\ecode.dir\release\ecode.tlog\custombuild.read.1.tlog
d:\ws\ecode\build\ecode.dir\release\ecode.tlog\custombuild.write.1.tlog
d:\ws\ecode\build\ecode.dir\release\ecode.tlog\rc.command.1.tlog
d:\ws\ecode\build\ecode.dir\release\ecode.tlog\rc.read.1.tlog
d:\ws\ecode\build\ecode.dir\release\ecode.tlog\rc.write.1.tlog
